<?xml version="1.0" encoding="UTF-8"?>
<!-- Generated by org.testng.reporters.JUnitXMLReporter -->
<testsuite hostname="DESKTOP-33MM0HS" ignored="0" name="Default test" tests="1" failures="0" timestamp="2021-02-05T12:16:12 IST" time="19.856" errors="0">
  <testcase name="@BeforeTest setUp" time="19.778" classname="com.fb.com.fb.Validatelogin">
    <failure type="org.openqa.selenium.SessionNotCreatedException" message="session not created: This version of ChromeDriver only supports Chrome version 89
Current browser version is 88.0.4324.146 with binary path C:\Program Files\Google\Chrome\Application\chrome.exe
Build info: version: &amp;apos;3.141.59&amp;apos;, revision: &amp;apos;e82be7d358&amp;apos;, time: &amp;apos;2018-11-14T08:17:03&amp;apos;
System info: host: &amp;apos;DESKTOP-33MM0HS&amp;apos;, ip: &amp;apos;192.168.1.16&amp;apos;, os.name: &amp;apos;Windows 10&amp;apos;, os.arch: &amp;apos;amd64&amp;apos;, os.version: &amp;apos;10.0&amp;apos;, java.version: &amp;apos;1.8.0_271&amp;apos;
Driver info: driver.version: ChromeDriver
remote stacktrace: Backtrace:
	Ordinal0 [0x005EE7D3+124883]
	Ordinal0 [0x005EE7B1+124849]
	GetHandleVerifier [0x00838688+193832]
	GetHandleVerifier [0x00853AC5+305509]
	GetHandleVerifier [0x0085021B+291003]
	GetHandleVerifier [0x0084E0AC+282444]
	GetHandleVerifier [0x00874A90+440624]
	GetHandleVerifier [0x008747FC+439964]
	GetHandleVerifier [0x0087154B+426987]
	GetHandleVerifier [0x00854FFD+310941]
	GetHandleVerifier [0x00855D8E+314414]
	GetHandleVerifier [0x00855D19+314297]
	GetHandleVerifier [0x009131EC+1089676]
	GetHandleVerifier [0x009117C9+1082985]
	GetHandleVerifier [0x009113A3+1081923]
	GetHandleVerifier [0x00A0D9FD+2115741]
	Ordinal0 [0x0073B82E+1488942]
	Ordinal0 [0x006D5A7D+1071741]
	Ordinal0 [0x006D559B+1070491]
	Ordinal0 [0x006D54B1+1070257]
	Ordinal0 [0x0070FF53+1310547]
	BaseThreadInitThunk [0x7584FA29+25]
	RtlGetAppContainerNamedObjectPath [0x779C75F4+228]
	RtlGetAppContainerNamedObjectPath [0x779C75C4+180]
">
      <![CDATA[org.openqa.selenium.SessionNotCreatedException: session not created: This version of ChromeDriver only supports Chrome version 89
Current browser version is 88.0.4324.146 with binary path C:\Program Files\Google\Chrome\Application\chrome.exe
Build info: version: '3.141.59', revision: 'e82be7d358', time: '2018-11-14T08:17:03'
System info: host: 'DESKTOP-33MM0HS', ip: '192.168.1.16', os.name: 'Windows 10', os.arch: 'amd64', os.version: '10.0', java.version: '1.8.0_271'
Driver info: driver.version: ChromeDriver
remote stacktrace: Backtrace:
Ordinal0 [0x005EE7D3+124883]
Ordinal0 [0x005EE7B1+124849]
GetHandleVerifier [0x00838688+193832]
GetHandleVerifier [0x00853AC5+305509]
GetHandleVerifier [0x0085021B+291003]
GetHandleVerifier [0x0084E0AC+282444]
GetHandleVerifier [0x00874A90+440624]
GetHandleVerifier [0x008747FC+439964]
GetHandleVerifier [0x0087154B+426987]
GetHandleVerifier [0x00854FFD+310941]
GetHandleVerifier [0x00855D8E+314414]
GetHandleVerifier [0x00855D19+314297]
GetHandleVerifier [0x009131EC+1089676]
GetHandleVerifier [0x009117C9+1082985]
GetHandleVerifier [0x009113A3+1081923]
GetHandleVerifier [0x00A0D9FD+2115741]
Ordinal0 [0x0073B82E+1488942]
Ordinal0 [0x006D5A7D+1071741]
Ordinal0 [0x006D559B+1070491]
Ordinal0 [0x006D54B1+1070257]
Ordinal0 [0x0070FF53+1310547]
BaseThreadInitThunk [0x7584FA29+25]
RtlGetAppContainerNamedObjectPath [0x779C75F4+228]
RtlGetAppContainerNamedObjectPath [0x779C75C4+180]

at sun.reflect.NativeConstructorAccessorImpl.newInstance0(Native Method)
at sun.reflect.NativeConstructorAccessorImpl.newInstance(Unknown Source)
at sun.reflect.DelegatingConstructorAccessorImpl.newInstance(Unknown Source)
at java.lang.reflect.Constructor.newInstance(Unknown Source)
at org.openqa.selenium.remote.W3CHandshakeResponse.lambda$errorHandler$0(W3CHandshakeResponse.java:62)
at org.openqa.selenium.remote.HandshakeResponse.lambda$getResponseFunction$0(HandshakeResponse.java:30)
at org.openqa.selenium.remote.ProtocolHandshake.lambda$createSession$0(ProtocolHandshake.java:126)
at java.util.stream.ReferencePipeline$3$1.accept(Unknown Source)
at java.util.Spliterators$ArraySpliterator.tryAdvance(Unknown Source)
at java.util.stream.ReferencePipeline.forEachWithCancel(Unknown Source)
at java.util.stream.AbstractPipeline.copyIntoWithCancel(Unknown Source)
at java.util.stream.AbstractPipeline.copyInto(Unknown Source)
at java.util.stream.AbstractPipeline.wrapAndCopyInto(Unknown Source)
at java.util.stream.FindOps$FindOp.evaluateSequential(Unknown Source)
at java.util.stream.AbstractPipeline.evaluate(Unknown Source)
at java.util.stream.ReferencePipeline.findFirst(Unknown Source)
at org.openqa.selenium.remote.ProtocolHandshake.createSession(ProtocolHandshake.java:128)
at org.openqa.selenium.remote.ProtocolHandshake.createSession(ProtocolHandshake.java:74)
at org.openqa.selenium.remote.HttpCommandExecutor.execute(HttpCommandExecutor.java:136)
at org.openqa.selenium.remote.service.DriverCommandExecutor.execute(DriverCommandExecutor.java:83)
at org.openqa.selenium.remote.RemoteWebDriver.execute(RemoteWebDriver.java:552)
at org.openqa.selenium.remote.RemoteWebDriver.startSession(RemoteWebDriver.java:213)
at org.openqa.selenium.remote.RemoteWebDriver.<init>(RemoteWebDriver.java:131)
at org.openqa.selenium.chrome.ChromeDriver.<init>(ChromeDriver.java:181)
at org.openqa.selenium.chrome.ChromeDriver.<init>(ChromeDriver.java:168)
at org.openqa.selenium.chrome.ChromeDriver.<init>(ChromeDriver.java:123)
at com.fb.com.fb.Validatelogin.setUp(Validatelogin.java:22)
at sun.reflect.NativeMethodAccessorImpl.invoke0(Native Method)
at sun.reflect.NativeMethodAccessorImpl.invoke(Unknown Source)
at sun.reflect.DelegatingMethodAccessorImpl.invoke(Unknown Source)
at java.lang.reflect.Method.invoke(Unknown Source)
at org.testng.internal.MethodInvocationHelper.invokeMethod(MethodInvocationHelper.java:132)
at org.testng.internal.MethodInvocationHelper.invokeMethodConsideringTimeout(MethodInvocationHelper.java:61)
at org.testng.internal.ConfigInvoker.invokeConfigurationMethod(ConfigInvoker.java:366)
at org.testng.internal.ConfigInvoker.invokeConfigurations(ConfigInvoker.java:320)
at org.testng.TestRunner.invokeTestConfigurations(TestRunner.java:617)
at org.testng.TestRunner.beforeRun(TestRunner.java:607)
at org.testng.TestRunner.run(TestRunner.java:578)
at org.testng.SuiteRunner.runTest(SuiteRunner.java:384)
at org.testng.SuiteRunner.runSequentially(SuiteRunner.java:378)
at org.testng.SuiteRunner.privateRun(SuiteRunner.java:337)
at org.testng.SuiteRunner.run(SuiteRunner.java:286)
at org.testng.SuiteRunnerWorker.runSuite(SuiteRunnerWorker.java:53)
at org.testng.SuiteRunnerWorker.run(SuiteRunnerWorker.java:96)
at org.testng.TestNG.runSuitesSequentially(TestNG.java:1218)
at org.testng.TestNG.runSuitesLocally(TestNG.java:1140)
at org.testng.TestNG.runSuites(TestNG.java:1069)
at org.testng.TestNG.run(TestNG.java:1037)
at org.testng.remote.AbstractRemoteTestNG.run(AbstractRemoteTestNG.java:115)
at org.testng.remote.RemoteTestNG.initAndRun(RemoteTestNG.java:251)
at org.testng.remote.RemoteTestNG.main(RemoteTestNG.java:77)
]]>
    </failure>
  </testcase> <!-- @BeforeTest setUp -->
  <testcase name="@AfterTest tearDown" time="-1.61250757272E9" classname="com.fb.com.fb.Validatelogin">
    <skipped/>
  </testcase> <!-- @AfterTest tearDown -->
  <testcase name="verifyTitle" time="0.0" classname="com.fb.com.fb.Validatelogin">
    <skipped/>
  </testcase> <!-- verifyTitle -->
</testsuite> <!-- Default test -->
